Arguments: 
  /home/cabox/.nvm/versions/node/v8.12.0/bin/node /home/cabox/.nvm/versions/node/v8.12.0/bin/yarn add --dev @fontawesome/fontawesome-free

PATH: 
  /home/cabox/.composer/vendor/bin:/home/cabox/.nvm/versions/node/v8.12.0/bin:/usr/local/sbin:/usr/local/bin:/usr/sbin:/usr/bin:/sbin:/bin:/usr/games:/usr/local/games

Yarn version: 
  1.10.1

Node version: 
  8.12.0

Platform: 
  linux x64

Trace: 
  Error: https://registry.yarnpkg.com/@fontawesome%2ffontawesome-free: Not found
      at Request.params.callback [as _callback] (/home/cabox/.nvm/versions/node/v8.12.0/lib/node_modules/yarn/lib/cli.js:61073:18)
      at Request.self.callback (/home/cabox/.nvm/versions/node/v8.12.0/lib/node_modules/yarn/lib/cli.js:120166:22)
      at emitTwo (events.js:126:13)
      at Request.emit (events.js:214:7)
      at Request.<anonymous> (/home/cabox/.nvm/versions/node/v8.12.0/lib/node_modules/yarn/lib/cli.js:121138:10)
      at emitOne (events.js:116:13)
      at Request.emit (events.js:211:7)
      at IncomingMessage.<anonymous> (/home/cabox/.nvm/versions/node/v8.12.0/lib/node_modules/yarn/lib/cli.js:121060:12)
      at Object.onceWrapper (events.js:313:30)
      at emitNone (events.js:111:20)

npm manifest: 
  No manifest

yarn manifest: 
  No manifest

Lockfile: 
  No lockfile
